<?xml version="1.0" encoding="UTF-8"?>
<!-- Generated by org.testng.reporters.JUnitReportReporter -->
<testsuite hostname="DESKTOP-LHTQH6A" failures="0" tests="1" name="runner.Runner" time="11.075" errors="0" timestamp="2022-12-06T17:37:51 IST" skipped="0">
  <testcase classname="runner.Runner" name="conversion_Report" time="11.075"/>
  <system-out/>
</testsuite> <!-- runner.Runner -->
