<?xml version="1.0" encoding="UTF-8"?>
<!-- Generated by org.testng.reporters.JUnitReportReporter -->
<testsuite hostname="DESKTOP-LHTQH6A" failures="0" tests="1" name="testcase_Runner.Runner" time="7.097" errors="0" timestamp="2023-01-18T11:04:23 IST" skipped="0">
  <testcase classname="testcase_Runner.Runner" name="Login" time="7.097"/>
  <system-out/>
</testsuite> <!-- testcase_Runner.Runner -->
