<?xml version="1.0" encoding="UTF-8"?>
<!-- Generated by org.testng.reporters.JUnitReportReporter -->
<testsuite hostname="DESKTOP-LHTQH6A" failures="0" tests="1" name="utilites_ATS.ReadXlsx_Login" time="0.413" errors="0" timestamp="2022-12-09T23:06:56 IST" skipped="0">
  <testcase classname="utilites_ATS.ReadXlsx_Login" name="Login_Data" time="0.413"/>
  <system-out/>
</testsuite> <!-- utilites_ATS.ReadXlsx_Login -->
