<?xml version="1.0" encoding="UTF-8"?>
<!-- Generated by org.testng.reporters.JUnitReportReporter -->
<testsuite hostname="DESKTOP-LHTQH6A" failures="0" tests="1" name="support_Files.Reusable_Methods" time="5.756" errors="0" timestamp="2022-12-09T21:58:50 IST" skipped="0">
  <testcase classname="support_Files.Reusable_Methods" name="browser_Launch" time="5.756"/>
  <system-out/>
</testsuite> <!-- support_Files.Reusable_Methods -->
